 State 0:
          program ::= * xx_language
          xx_language ::= * xx_top_statement_list
          xx_top_statement_list ::= * xx_top_statement_list xx_top_statement
          xx_top_statement_list ::= * xx_top_statement
          xx_top_statement ::= * xx_namespace_def
          xx_top_statement ::= * xx_class_def
          xx_top_statement ::= * xx_comment
          xx_namespace_def ::= * NAMESPACE IDENTIFIER DOTCOMMA
          xx_class_def ::= * CLASS IDENTIFIER BRACKET_OPEN xx_class_definition BRACKET_CLOSE
          xx_class_def ::= * CLASS IDENTIFIER BRACKET_OPEN BRACKET_CLOSE
          xx_comment ::= * COMMENT

                     NAMESPACE shift  7
                         CLASS shift  10
                       COMMENT shift  77
                       program accept
                   xx_language shift  1
         xx_top_statement_list shift  2
              xx_top_statement shift  104
              xx_namespace_def shift  4
                  xx_class_def shift  5
                    xx_comment shift  6

State 1:
      (0) program ::= xx_language *

                             $ reduce 0

State 2:
      (1) xx_language ::= xx_top_statement_list *
          xx_top_statement_list ::= xx_top_statement_list * xx_top_statement
          xx_top_statement ::= * xx_namespace_def
          xx_top_statement ::= * xx_class_def
          xx_top_statement ::= * xx_comment
          xx_namespace_def ::= * NAMESPACE IDENTIFIER DOTCOMMA
          xx_class_def ::= * CLASS IDENTIFIER BRACKET_OPEN xx_class_definition BRACKET_CLOSE
          xx_class_def ::= * CLASS IDENTIFIER BRACKET_OPEN BRACKET_CLOSE
          xx_comment ::= * COMMENT

                             $ reduce 1
                     NAMESPACE shift  7
                         CLASS shift  10
                       COMMENT shift  77
              xx_top_statement shift  3
              xx_namespace_def shift  4
                  xx_class_def shift  5
                    xx_comment shift  6

State 3:
      (2) xx_top_statement_list ::= xx_top_statement_list xx_top_statement *

                     {default} reduce 2

State 4:
      (4) xx_top_statement ::= xx_namespace_def *

                     {default} reduce 4

State 5:
      (5) xx_top_statement ::= xx_class_def *

                     {default} reduce 5

State 6:
      (6) xx_top_statement ::= xx_comment *

                     {default} reduce 6

State 7:
          xx_namespace_def ::= NAMESPACE * IDENTIFIER DOTCOMMA

                    IDENTIFIER shift  8

State 8:
          xx_namespace_def ::= NAMESPACE IDENTIFIER * DOTCOMMA

                      DOTCOMMA shift  9

State 9:
      (7) xx_namespace_def ::= NAMESPACE IDENTIFIER DOTCOMMA *

                     {default} reduce 7

State 10:
          xx_class_def ::= CLASS * IDENTIFIER BRACKET_OPEN xx_class_definition BRACKET_CLOSE
          xx_class_def ::= CLASS * IDENTIFIER BRACKET_OPEN BRACKET_CLOSE

                    IDENTIFIER shift  11

State 11:
          xx_class_def ::= CLASS IDENTIFIER * BRACKET_OPEN xx_class_definition BRACKET_CLOSE
          xx_class_def ::= CLASS IDENTIFIER * BRACKET_OPEN BRACKET_CLOSE

                  BRACKET_OPEN shift  12

State 12:
          xx_class_def ::= CLASS IDENTIFIER BRACKET_OPEN * xx_class_definition BRACKET_CLOSE
          xx_class_def ::= CLASS IDENTIFIER BRACKET_OPEN * BRACKET_CLOSE
          xx_class_definition ::= * xx_class_properties_definition
          xx_class_definition ::= * xx_class_properties_definition xx_class_methods_definition
          xx_class_definition ::= * xx_class_methods_definition
          xx_class_properties_definition ::= * xx_class_properties_definition xx_class_property_definition
          xx_class_properties_definition ::= * xx_class_property_definition
          xx_class_property_definition ::= * PUBLIC IDENTIFIER DOTCOMMA
          xx_class_property_definition ::= * PUBLIC IDENTIFIER ASSIGN xx_literal_expr DOTCOMMA
          xx_class_property_definition ::= * PROTECTED IDENTIFIER DOTCOMMA
          xx_class_property_definition ::= * PROTECTED IDENTIFIER ASSIGN xx_literal_expr DOTCOMMA
          xx_class_methods_definition ::= * xx_class_methods_definition xx_class_method_definition
          xx_class_methods_definition ::= * xx_class_method_definition
          xx_class_method_definition ::= * PUBLIC FUNCTION IDENTIFIER PARENTHESES_OPEN PARENTHESES_CLOSE BRACKET_OPEN BRACKET_CLOSE
          xx_class_method_definition ::= * PUBLIC FUNCTION IDENTIFIER PARENTHESES_OPEN PARENTHESES_CLOSE BRACKET_OPEN xx_statement_list BRACKET_CLOSE
          xx_class_method_definition ::= * PROTECTED FUNCTION IDENTIFIER PARENTHESES_OPEN PARENTHESES_CLOSE BRACKET_OPEN BRACKET_CLOSE
          xx_class_method_definition ::= * PROTECTED FUNCTION IDENTIFIER PARENTHESES_OPEN PARENTHESES_CLOSE BRACKET_OPEN xx_statement_list BRACKET_CLOSE

                 BRACKET_CLOSE shift  15
                        PUBLIC shift  89
                     PROTECTED shift  95
           xx_class_definition shift  13
xx_class_properties_definition shift  16
   xx_class_methods_definition shift  102
  xx_class_property_definition shift  103
    xx_class_method_definition shift  101

State 13:
          xx_class_def ::= CLASS IDENTIFIER BRACKET_OPEN xx_class_definition * BRACKET_CLOSE

                 BRACKET_CLOSE shift  14

State 14:
      (8) xx_class_def ::= CLASS IDENTIFIER BRACKET_OPEN xx_class_definition BRACKET_CLOSE *

                     {default} reduce 8

State 15:
      (9) xx_class_def ::= CLASS IDENTIFIER BRACKET_OPEN BRACKET_CLOSE *

                     {default} reduce 9

State 16:
     (10) xx_class_definition ::= xx_class_properties_definition *
          xx_class_definition ::= xx_class_properties_definition * xx_class_methods_definition
          xx_class_properties_definition ::= xx_class_properties_definition * xx_class_property_definition
          xx_class_property_definition ::= * PUBLIC IDENTIFIER DOTCOMMA
          xx_class_property_definition ::= * PUBLIC IDENTIFIER ASSIGN xx_literal_expr DOTCOMMA
          xx_class_property_definition ::= * PROTECTED IDENTIFIER DOTCOMMA
          xx_class_property_definition ::= * PROTECTED IDENTIFIER ASSIGN xx_literal_expr DOTCOMMA
          xx_class_methods_definition ::= * xx_class_methods_definition xx_class_method_definition
          xx_class_methods_definition ::= * xx_class_method_definition
          xx_class_method_definition ::= * PUBLIC FUNCTION IDENTIFIER PARENTHESES_OPEN PARENTHESES_CLOSE BRACKET_OPEN BRACKET_CLOSE
          xx_class_method_definition ::= * PUBLIC FUNCTION IDENTIFIER PARENTHESES_OPEN PARENTHESES_CLOSE BRACKET_OPEN xx_statement_list BRACKET_CLOSE
          xx_class_method_definition ::= * PROTECTED FUNCTION IDENTIFIER PARENTHESES_OPEN PARENTHESES_CLOSE BRACKET_OPEN BRACKET_CLOSE
          xx_class_method_definition ::= * PROTECTED FUNCTION IDENTIFIER PARENTHESES_OPEN PARENTHESES_CLOSE BRACKET_OPEN xx_statement_list BRACKET_CLOSE

                 BRACKET_CLOSE reduce 10
                        PUBLIC shift  89
                     PROTECTED shift  95
   xx_class_methods_definition shift  17
  xx_class_property_definition shift  88
    xx_class_method_definition shift  101

State 17:
     (11) xx_class_definition ::= xx_class_properties_definition xx_class_methods_definition *
          xx_class_methods_definition ::= xx_class_methods_definition * xx_class_method_definition
          xx_class_method_definition ::= * PUBLIC FUNCTION IDENTIFIER PARENTHESES_OPEN PARENTHESES_CLOSE BRACKET_OPEN BRACKET_CLOSE
          xx_class_method_definition ::= * PUBLIC FUNCTION IDENTIFIER PARENTHESES_OPEN PARENTHESES_CLOSE BRACKET_OPEN xx_statement_list BRACKET_CLOSE
          xx_class_method_definition ::= * PROTECTED FUNCTION IDENTIFIER PARENTHESES_OPEN PARENTHESES_CLOSE BRACKET_OPEN BRACKET_CLOSE
          xx_class_method_definition ::= * PROTECTED FUNCTION IDENTIFIER PARENTHESES_OPEN PARENTHESES_CLOSE BRACKET_OPEN xx_statement_list BRACKET_CLOSE

                 BRACKET_CLOSE reduce 11
                        PUBLIC shift  19
                     PROTECTED shift  79
    xx_class_method_definition shift  18

State 18:
     (19) xx_class_methods_definition ::= xx_class_methods_definition xx_class_method_definition *

                     {default} reduce 19

State 19:
          xx_class_method_definition ::= PUBLIC * FUNCTION IDENTIFIER PARENTHESES_OPEN PARENTHESES_CLOSE BRACKET_OPEN BRACKET_CLOSE
          xx_class_method_definition ::= PUBLIC * FUNCTION IDENTIFIER PARENTHESES_OPEN PARENTHESES_CLOSE BRACKET_OPEN xx_statement_list BRACKET_CLOSE

                      FUNCTION shift  20

State 20:
          xx_class_method_definition ::= PUBLIC FUNCTION * IDENTIFIER PARENTHESES_OPEN PARENTHESES_CLOSE BRACKET_OPEN BRACKET_CLOSE
          xx_class_method_definition ::= PUBLIC FUNCTION * IDENTIFIER PARENTHESES_OPEN PARENTHESES_CLOSE BRACKET_OPEN xx_statement_list BRACKET_CLOSE

                    IDENTIFIER shift  21

State 21:
          xx_class_method_definition ::= PUBLIC FUNCTION IDENTIFIER * PARENTHESES_OPEN PARENTHESES_CLOSE BRACKET_OPEN BRACKET_CLOSE
          xx_class_method_definition ::= PUBLIC FUNCTION IDENTIFIER * PARENTHESES_OPEN PARENTHESES_CLOSE BRACKET_OPEN xx_statement_list BRACKET_CLOSE

              PARENTHESES_OPEN shift  22

State 22:
          xx_class_method_definition ::= PUBLIC FUNCTION IDENTIFIER PARENTHESES_OPEN * PARENTHESES_CLOSE BRACKET_OPEN BRACKET_CLOSE
          xx_class_method_definition ::= PUBLIC FUNCTION IDENTIFIER PARENTHESES_OPEN * PARENTHESES_CLOSE BRACKET_OPEN xx_statement_list BRACKET_CLOSE

             PARENTHESES_CLOSE shift  23

State 23:
          xx_class_method_definition ::= PUBLIC FUNCTION IDENTIFIER PARENTHESES_OPEN PARENTHESES_CLOSE * BRACKET_OPEN BRACKET_CLOSE
          xx_class_method_definition ::= PUBLIC FUNCTION IDENTIFIER PARENTHESES_OPEN PARENTHESES_CLOSE * BRACKET_OPEN xx_statement_list BRACKET_CLOSE

                  BRACKET_OPEN shift  24

State 24:
          xx_class_method_definition ::= PUBLIC FUNCTION IDENTIFIER PARENTHESES_OPEN PARENTHESES_CLOSE BRACKET_OPEN * BRACKET_CLOSE
          xx_class_method_definition ::= PUBLIC FUNCTION IDENTIFIER PARENTHESES_OPEN PARENTHESES_CLOSE BRACKET_OPEN * xx_statement_list BRACKET_CLOSE
          xx_statement_list ::= * xx_statement_list xx_statement
          xx_statement_list ::= * xx_statement
          xx_statement ::= * xx_let_statement
          xx_statement ::= * xx_echo_statement
          xx_statement ::= * xx_declare_statement
          xx_statement ::= * xx_comment
          xx_let_statement ::= * LET IDENTIFIER ASSIGN xx_expr DOTCOMMA
          xx_echo_statement ::= * ECHO xx_literal_expr DOTCOMMA
          xx_echo_statement ::= * ECHO IDENTIFIER DOTCOMMA
          xx_declare_statement ::= * TYPE_INTEGER xx_declare_variable_list DOTCOMMA
          xx_declare_statement ::= * TYPE_DOUBLE xx_declare_variable_list DOTCOMMA
          xx_declare_statement ::= * TYPE_STRING xx_declare_variable_list DOTCOMMA
          xx_declare_statement ::= * TYPE_BOOL xx_declare_variable_list DOTCOMMA
          xx_declare_statement ::= * TYPE_VAR xx_declare_variable_list DOTCOMMA
          xx_comment ::= * COMMENT

                 BRACKET_CLOSE shift  25
                           LET shift  33
                          ECHO shift  45
                  TYPE_INTEGER shift  56
                   TYPE_DOUBLE shift  65
                   TYPE_STRING shift  68
                     TYPE_BOOL shift  71
                      TYPE_VAR shift  74
                       COMMENT shift  77
                    xx_comment shift  32
             xx_statement_list shift  26
                  xx_statement shift  78
              xx_let_statement shift  29
             xx_echo_statement shift  30
          xx_declare_statement shift  31

State 25:
     (21) xx_class_method_definition ::= PUBLIC FUNCTION IDENTIFIER PARENTHESES_OPEN PARENTHESES_CLOSE BRACKET_OPEN BRACKET_CLOSE *

                     {default} reduce 21

State 26:
          xx_class_method_definition ::= PUBLIC FUNCTION IDENTIFIER PARENTHESES_OPEN PARENTHESES_CLOSE BRACKET_OPEN xx_statement_list * BRACKET_CLOSE
          xx_statement_list ::= xx_statement_list * xx_statement
          xx_statement ::= * xx_let_statement
          xx_statement ::= * xx_echo_statement
          xx_statement ::= * xx_declare_statement
          xx_statement ::= * xx_comment
          xx_let_statement ::= * LET IDENTIFIER ASSIGN xx_expr DOTCOMMA
          xx_echo_statement ::= * ECHO xx_literal_expr DOTCOMMA
          xx_echo_statement ::= * ECHO IDENTIFIER DOTCOMMA
          xx_declare_statement ::= * TYPE_INTEGER xx_declare_variable_list DOTCOMMA
          xx_declare_statement ::= * TYPE_DOUBLE xx_declare_variable_list DOTCOMMA
          xx_declare_statement ::= * TYPE_STRING xx_declare_variable_list DOTCOMMA
          xx_declare_statement ::= * TYPE_BOOL xx_declare_variable_list DOTCOMMA
          xx_declare_statement ::= * TYPE_VAR xx_declare_variable_list DOTCOMMA
          xx_comment ::= * COMMENT

                 BRACKET_CLOSE shift  27
                           LET shift  33
                          ECHO shift  45
                  TYPE_INTEGER shift  56
                   TYPE_DOUBLE shift  65
                   TYPE_STRING shift  68
                     TYPE_BOOL shift  71
                      TYPE_VAR shift  74
                       COMMENT shift  77
                    xx_comment shift  32
                  xx_statement shift  28
              xx_let_statement shift  29
             xx_echo_statement shift  30
          xx_declare_statement shift  31

State 27:
     (22) xx_class_method_definition ::= PUBLIC FUNCTION IDENTIFIER PARENTHESES_OPEN PARENTHESES_CLOSE BRACKET_OPEN xx_statement_list BRACKET_CLOSE *

                     {default} reduce 22

State 28:
     (25) xx_statement_list ::= xx_statement_list xx_statement *

                     {default} reduce 25

State 29:
     (27) xx_statement ::= xx_let_statement *

                     {default} reduce 27

State 30:
     (28) xx_statement ::= xx_echo_statement *

                     {default} reduce 28

State 31:
     (29) xx_statement ::= xx_declare_statement *

                     {default} reduce 29

State 32:
     (30) xx_statement ::= xx_comment *

                     {default} reduce 30

State 33:
          xx_let_statement ::= LET * IDENTIFIER ASSIGN xx_expr DOTCOMMA

                    IDENTIFIER shift  34

State 34:
          xx_let_statement ::= LET IDENTIFIER * ASSIGN xx_expr DOTCOMMA

                        ASSIGN shift  35

State 35:
          xx_let_statement ::= LET IDENTIFIER ASSIGN * xx_expr DOTCOMMA
          xx_expr ::= * IDENTIFIER
          xx_expr ::= * INTEGER
          xx_expr ::= * STRING
          xx_expr ::= * DOUBLE
          xx_expr ::= * NULL
          xx_expr ::= * FALSE
          xx_expr ::= * TRUE

                    IDENTIFIER shift  38
                       INTEGER shift  39
                        STRING shift  40
                        DOUBLE shift  41
                          NULL shift  42
                         FALSE shift  43
                          TRUE shift  44
                       xx_expr shift  36

State 36:
          xx_let_statement ::= LET IDENTIFIER ASSIGN xx_expr * DOTCOMMA

                      DOTCOMMA shift  37

State 37:
     (31) xx_let_statement ::= LET IDENTIFIER ASSIGN xx_expr DOTCOMMA *

                     {default} reduce 31

State 38:
     (43) xx_expr ::= IDENTIFIER *

                      DOTCOMMA reduce 43

State 39:
     (44) xx_expr ::= INTEGER *

                      DOTCOMMA reduce 44

State 40:
     (45) xx_expr ::= STRING *

                      DOTCOMMA reduce 45

State 41:
     (46) xx_expr ::= DOUBLE *

                      DOTCOMMA reduce 46

State 42:
     (47) xx_expr ::= NULL *

                      DOTCOMMA reduce 47

State 43:
     (48) xx_expr ::= FALSE *

                      DOTCOMMA reduce 48

State 44:
     (49) xx_expr ::= TRUE *

                      DOTCOMMA reduce 49

State 45:
          xx_echo_statement ::= ECHO * xx_literal_expr DOTCOMMA
          xx_echo_statement ::= ECHO * IDENTIFIER DOTCOMMA
          xx_literal_expr ::= * INTEGER
          xx_literal_expr ::= * STRING
          xx_literal_expr ::= * DOUBLE
          xx_literal_expr ::= * NULL
          xx_literal_expr ::= * FALSE
          xx_literal_expr ::= * TRUE

                    IDENTIFIER shift  48
                       INTEGER shift  50
                        STRING shift  51
                        DOUBLE shift  52
                          NULL shift  53
                         FALSE shift  54
                          TRUE shift  55
               xx_literal_expr shift  46

State 46:
          xx_echo_statement ::= ECHO xx_literal_expr * DOTCOMMA

                      DOTCOMMA shift  47

State 47:
     (32) xx_echo_statement ::= ECHO xx_literal_expr DOTCOMMA *

                     {default} reduce 32

State 48:
          xx_echo_statement ::= ECHO IDENTIFIER * DOTCOMMA

                      DOTCOMMA shift  49

State 49:
     (33) xx_echo_statement ::= ECHO IDENTIFIER DOTCOMMA *

                     {default} reduce 33

State 50:
     (50) xx_literal_expr ::= INTEGER *

                     {default} reduce 50

State 51:
     (51) xx_literal_expr ::= STRING *

                     {default} reduce 51

State 52:
     (52) xx_literal_expr ::= DOUBLE *

                     {default} reduce 52

State 53:
     (53) xx_literal_expr ::= NULL *

                     {default} reduce 53

State 54:
     (54) xx_literal_expr ::= FALSE *

                     {default} reduce 54

State 55:
     (55) xx_literal_expr ::= TRUE *

                     {default} reduce 55

State 56:
          xx_declare_statement ::= TYPE_INTEGER * xx_declare_variable_list DOTCOMMA
          xx_declare_variable_list ::= * xx_declare_variable_list COMMA xx_declare_variable
          xx_declare_variable_list ::= * xx_declare_variable
          xx_declare_variable ::= * IDENTIFIER
          xx_declare_variable ::= * IDENTIFIER ASSIGN xx_literal_expr

                    IDENTIFIER shift  61
      xx_declare_variable_list shift  57
           xx_declare_variable shift  64

State 57:
          xx_declare_statement ::= TYPE_INTEGER xx_declare_variable_list * DOTCOMMA
          xx_declare_variable_list ::= xx_declare_variable_list * COMMA xx_declare_variable

                         COMMA shift  59
                      DOTCOMMA shift  58

State 58:
     (34) xx_declare_statement ::= TYPE_INTEGER xx_declare_variable_list DOTCOMMA *

                     {default} reduce 34

State 59:
          xx_declare_variable_list ::= xx_declare_variable_list COMMA * xx_declare_variable
          xx_declare_variable ::= * IDENTIFIER
          xx_declare_variable ::= * IDENTIFIER ASSIGN xx_literal_expr

                    IDENTIFIER shift  61
           xx_declare_variable shift  60

State 60:
     (39) xx_declare_variable_list ::= xx_declare_variable_list COMMA xx_declare_variable *

                     {default} reduce 39

State 61:
     (41) xx_declare_variable ::= IDENTIFIER *
          xx_declare_variable ::= IDENTIFIER * ASSIGN xx_literal_expr

                        ASSIGN shift  62
                     {default} reduce 41

State 62:
          xx_declare_variable ::= IDENTIFIER ASSIGN * xx_literal_expr
          xx_literal_expr ::= * INTEGER
          xx_literal_expr ::= * STRING
          xx_literal_expr ::= * DOUBLE
          xx_literal_expr ::= * NULL
          xx_literal_expr ::= * FALSE
          xx_literal_expr ::= * TRUE

                       INTEGER shift  50
                        STRING shift  51
                        DOUBLE shift  52
                          NULL shift  53
                         FALSE shift  54
                          TRUE shift  55
               xx_literal_expr shift  63

State 63:
     (42) xx_declare_variable ::= IDENTIFIER ASSIGN xx_literal_expr *

                     {default} reduce 42

State 64:
     (40) xx_declare_variable_list ::= xx_declare_variable *

                     {default} reduce 40

State 65:
          xx_declare_statement ::= TYPE_DOUBLE * xx_declare_variable_list DOTCOMMA
          xx_declare_variable_list ::= * xx_declare_variable_list COMMA xx_declare_variable
          xx_declare_variable_list ::= * xx_declare_variable
          xx_declare_variable ::= * IDENTIFIER
          xx_declare_variable ::= * IDENTIFIER ASSIGN xx_literal_expr

                    IDENTIFIER shift  61
      xx_declare_variable_list shift  66
           xx_declare_variable shift  64

State 66:
          xx_declare_statement ::= TYPE_DOUBLE xx_declare_variable_list * DOTCOMMA
          xx_declare_variable_list ::= xx_declare_variable_list * COMMA xx_declare_variable

                         COMMA shift  59
                      DOTCOMMA shift  67

State 67:
     (35) xx_declare_statement ::= TYPE_DOUBLE xx_declare_variable_list DOTCOMMA *

                     {default} reduce 35

State 68:
          xx_declare_statement ::= TYPE_STRING * xx_declare_variable_list DOTCOMMA
          xx_declare_variable_list ::= * xx_declare_variable_list COMMA xx_declare_variable
          xx_declare_variable_list ::= * xx_declare_variable
          xx_declare_variable ::= * IDENTIFIER
          xx_declare_variable ::= * IDENTIFIER ASSIGN xx_literal_expr

                    IDENTIFIER shift  61
      xx_declare_variable_list shift  69
           xx_declare_variable shift  64

State 69:
          xx_declare_statement ::= TYPE_STRING xx_declare_variable_list * DOTCOMMA
          xx_declare_variable_list ::= xx_declare_variable_list * COMMA xx_declare_variable

                         COMMA shift  59
                      DOTCOMMA shift  70

State 70:
     (36) xx_declare_statement ::= TYPE_STRING xx_declare_variable_list DOTCOMMA *

                     {default} reduce 36

State 71:
          xx_declare_statement ::= TYPE_BOOL * xx_declare_variable_list DOTCOMMA
          xx_declare_variable_list ::= * xx_declare_variable_list COMMA xx_declare_variable
          xx_declare_variable_list ::= * xx_declare_variable
          xx_declare_variable ::= * IDENTIFIER
          xx_declare_variable ::= * IDENTIFIER ASSIGN xx_literal_expr

                    IDENTIFIER shift  61
      xx_declare_variable_list shift  72
           xx_declare_variable shift  64

State 72:
          xx_declare_statement ::= TYPE_BOOL xx_declare_variable_list * DOTCOMMA
          xx_declare_variable_list ::= xx_declare_variable_list * COMMA xx_declare_variable

                         COMMA shift  59
                      DOTCOMMA shift  73

State 73:
     (37) xx_declare_statement ::= TYPE_BOOL xx_declare_variable_list DOTCOMMA *

                     {default} reduce 37

State 74:
          xx_declare_statement ::= TYPE_VAR * xx_declare_variable_list DOTCOMMA
          xx_declare_variable_list ::= * xx_declare_variable_list COMMA xx_declare_variable
          xx_declare_variable_list ::= * xx_declare_variable
          xx_declare_variable ::= * IDENTIFIER
          xx_declare_variable ::= * IDENTIFIER ASSIGN xx_literal_expr

                    IDENTIFIER shift  61
      xx_declare_variable_list shift  75
           xx_declare_variable shift  64

State 75:
          xx_declare_statement ::= TYPE_VAR xx_declare_variable_list * DOTCOMMA
          xx_declare_variable_list ::= xx_declare_variable_list * COMMA xx_declare_variable

                         COMMA shift  59
                      DOTCOMMA shift  76

State 76:
     (38) xx_declare_statement ::= TYPE_VAR xx_declare_variable_list DOTCOMMA *

                     {default} reduce 38

State 77:
     (56) xx_comment ::= COMMENT *

                     {default} reduce 56

State 78:
     (26) xx_statement_list ::= xx_statement *

                     {default} reduce 26

State 79:
          xx_class_method_definition ::= PROTECTED * FUNCTION IDENTIFIER PARENTHESES_OPEN PARENTHESES_CLOSE BRACKET_OPEN BRACKET_CLOSE
          xx_class_method_definition ::= PROTECTED * FUNCTION IDENTIFIER PARENTHESES_OPEN PARENTHESES_CLOSE BRACKET_OPEN xx_statement_list BRACKET_CLOSE

                      FUNCTION shift  80

State 80:
          xx_class_method_definition ::= PROTECTED FUNCTION * IDENTIFIER PARENTHESES_OPEN PARENTHESES_CLOSE BRACKET_OPEN BRACKET_CLOSE
          xx_class_method_definition ::= PROTECTED FUNCTION * IDENTIFIER PARENTHESES_OPEN PARENTHESES_CLOSE BRACKET_OPEN xx_statement_list BRACKET_CLOSE

                    IDENTIFIER shift  81

State 81:
          xx_class_method_definition ::= PROTECTED FUNCTION IDENTIFIER * PARENTHESES_OPEN PARENTHESES_CLOSE BRACKET_OPEN BRACKET_CLOSE
          xx_class_method_definition ::= PROTECTED FUNCTION IDENTIFIER * PARENTHESES_OPEN PARENTHESES_CLOSE BRACKET_OPEN xx_statement_list BRACKET_CLOSE

              PARENTHESES_OPEN shift  82

State 82:
          xx_class_method_definition ::= PROTECTED FUNCTION IDENTIFIER PARENTHESES_OPEN * PARENTHESES_CLOSE BRACKET_OPEN BRACKET_CLOSE
          xx_class_method_definition ::= PROTECTED FUNCTION IDENTIFIER PARENTHESES_OPEN * PARENTHESES_CLOSE BRACKET_OPEN xx_statement_list BRACKET_CLOSE

             PARENTHESES_CLOSE shift  83

State 83:
          xx_class_method_definition ::= PROTECTED FUNCTION IDENTIFIER PARENTHESES_OPEN PARENTHESES_CLOSE * BRACKET_OPEN BRACKET_CLOSE
          xx_class_method_definition ::= PROTECTED FUNCTION IDENTIFIER PARENTHESES_OPEN PARENTHESES_CLOSE * BRACKET_OPEN xx_statement_list BRACKET_CLOSE

                  BRACKET_OPEN shift  84

State 84:
          xx_class_method_definition ::= PROTECTED FUNCTION IDENTIFIER PARENTHESES_OPEN PARENTHESES_CLOSE BRACKET_OPEN * BRACKET_CLOSE
          xx_class_method_definition ::= PROTECTED FUNCTION IDENTIFIER PARENTHESES_OPEN PARENTHESES_CLOSE BRACKET_OPEN * xx_statement_list BRACKET_CLOSE
          xx_statement_list ::= * xx_statement_list xx_statement
          xx_statement_list ::= * xx_statement
          xx_statement ::= * xx_let_statement
          xx_statement ::= * xx_echo_statement
          xx_statement ::= * xx_declare_statement
          xx_statement ::= * xx_comment
          xx_let_statement ::= * LET IDENTIFIER ASSIGN xx_expr DOTCOMMA
          xx_echo_statement ::= * ECHO xx_literal_expr DOTCOMMA
          xx_echo_statement ::= * ECHO IDENTIFIER DOTCOMMA
          xx_declare_statement ::= * TYPE_INTEGER xx_declare_variable_list DOTCOMMA
          xx_declare_statement ::= * TYPE_DOUBLE xx_declare_variable_list DOTCOMMA
          xx_declare_statement ::= * TYPE_STRING xx_declare_variable_list DOTCOMMA
          xx_declare_statement ::= * TYPE_BOOL xx_declare_variable_list DOTCOMMA
          xx_declare_statement ::= * TYPE_VAR xx_declare_variable_list DOTCOMMA
          xx_comment ::= * COMMENT

                 BRACKET_CLOSE shift  85
                           LET shift  33
                          ECHO shift  45
                  TYPE_INTEGER shift  56
                   TYPE_DOUBLE shift  65
                   TYPE_STRING shift  68
                     TYPE_BOOL shift  71
                      TYPE_VAR shift  74
                       COMMENT shift  77
                    xx_comment shift  32
             xx_statement_list shift  86
                  xx_statement shift  78
              xx_let_statement shift  29
             xx_echo_statement shift  30
          xx_declare_statement shift  31

State 85:
     (23) xx_class_method_definition ::= PROTECTED FUNCTION IDENTIFIER PARENTHESES_OPEN PARENTHESES_CLOSE BRACKET_OPEN BRACKET_CLOSE *

                     {default} reduce 23

State 86:
          xx_class_method_definition ::= PROTECTED FUNCTION IDENTIFIER PARENTHESES_OPEN PARENTHESES_CLOSE BRACKET_OPEN xx_statement_list * BRACKET_CLOSE
          xx_statement_list ::= xx_statement_list * xx_statement
          xx_statement ::= * xx_let_statement
          xx_statement ::= * xx_echo_statement
          xx_statement ::= * xx_declare_statement
          xx_statement ::= * xx_comment
          xx_let_statement ::= * LET IDENTIFIER ASSIGN xx_expr DOTCOMMA
          xx_echo_statement ::= * ECHO xx_literal_expr DOTCOMMA
          xx_echo_statement ::= * ECHO IDENTIFIER DOTCOMMA
          xx_declare_statement ::= * TYPE_INTEGER xx_declare_variable_list DOTCOMMA
          xx_declare_statement ::= * TYPE_DOUBLE xx_declare_variable_list DOTCOMMA
          xx_declare_statement ::= * TYPE_STRING xx_declare_variable_list DOTCOMMA
          xx_declare_statement ::= * TYPE_BOOL xx_declare_variable_list DOTCOMMA
          xx_declare_statement ::= * TYPE_VAR xx_declare_variable_list DOTCOMMA
          xx_comment ::= * COMMENT

                 BRACKET_CLOSE shift  87
                           LET shift  33
                          ECHO shift  45
                  TYPE_INTEGER shift  56
                   TYPE_DOUBLE shift  65
                   TYPE_STRING shift  68
                     TYPE_BOOL shift  71
                      TYPE_VAR shift  74
                       COMMENT shift  77
                    xx_comment shift  32
                  xx_statement shift  28
              xx_let_statement shift  29
             xx_echo_statement shift  30
          xx_declare_statement shift  31

State 87:
     (24) xx_class_method_definition ::= PROTECTED FUNCTION IDENTIFIER PARENTHESES_OPEN PARENTHESES_CLOSE BRACKET_OPEN xx_statement_list BRACKET_CLOSE *

                     {default} reduce 24

State 88:
     (13) xx_class_properties_definition ::= xx_class_properties_definition xx_class_property_definition *

                     {default} reduce 13

State 89:
          xx_class_property_definition ::= PUBLIC * IDENTIFIER DOTCOMMA
          xx_class_property_definition ::= PUBLIC * IDENTIFIER ASSIGN xx_literal_expr DOTCOMMA
          xx_class_method_definition ::= PUBLIC * FUNCTION IDENTIFIER PARENTHESES_OPEN PARENTHESES_CLOSE BRACKET_OPEN BRACKET_CLOSE
          xx_class_method_definition ::= PUBLIC * FUNCTION IDENTIFIER PARENTHESES_OPEN PARENTHESES_CLOSE BRACKET_OPEN xx_statement_list BRACKET_CLOSE

                    IDENTIFIER shift  90
                      FUNCTION shift  20

State 90:
          xx_class_property_definition ::= PUBLIC IDENTIFIER * DOTCOMMA
          xx_class_property_definition ::= PUBLIC IDENTIFIER * ASSIGN xx_literal_expr DOTCOMMA

                      DOTCOMMA shift  91
                        ASSIGN shift  92

State 91:
     (15) xx_class_property_definition ::= PUBLIC IDENTIFIER DOTCOMMA *

                     {default} reduce 15

State 92:
          xx_class_property_definition ::= PUBLIC IDENTIFIER ASSIGN * xx_literal_expr DOTCOMMA
          xx_literal_expr ::= * INTEGER
          xx_literal_expr ::= * STRING
          xx_literal_expr ::= * DOUBLE
          xx_literal_expr ::= * NULL
          xx_literal_expr ::= * FALSE
          xx_literal_expr ::= * TRUE

                       INTEGER shift  50
                        STRING shift  51
                        DOUBLE shift  52
                          NULL shift  53
                         FALSE shift  54
                          TRUE shift  55
               xx_literal_expr shift  93

State 93:
          xx_class_property_definition ::= PUBLIC IDENTIFIER ASSIGN xx_literal_expr * DOTCOMMA

                      DOTCOMMA shift  94

State 94:
     (16) xx_class_property_definition ::= PUBLIC IDENTIFIER ASSIGN xx_literal_expr DOTCOMMA *

                     {default} reduce 16

State 95:
          xx_class_property_definition ::= PROTECTED * IDENTIFIER DOTCOMMA
          xx_class_property_definition ::= PROTECTED * IDENTIFIER ASSIGN xx_literal_expr DOTCOMMA
          xx_class_method_definition ::= PROTECTED * FUNCTION IDENTIFIER PARENTHESES_OPEN PARENTHESES_CLOSE BRACKET_OPEN BRACKET_CLOSE
          xx_class_method_definition ::= PROTECTED * FUNCTION IDENTIFIER PARENTHESES_OPEN PARENTHESES_CLOSE BRACKET_OPEN xx_statement_list BRACKET_CLOSE

                    IDENTIFIER shift  96
                      FUNCTION shift  80

State 96:
          xx_class_property_definition ::= PROTECTED IDENTIFIER * DOTCOMMA
          xx_class_property_definition ::= PROTECTED IDENTIFIER * ASSIGN xx_literal_expr DOTCOMMA

                      DOTCOMMA shift  97
                        ASSIGN shift  98

State 97:
     (17) xx_class_property_definition ::= PROTECTED IDENTIFIER DOTCOMMA *

                     {default} reduce 17

State 98:
          xx_class_property_definition ::= PROTECTED IDENTIFIER ASSIGN * xx_literal_expr DOTCOMMA
          xx_literal_expr ::= * INTEGER
          xx_literal_expr ::= * STRING
          xx_literal_expr ::= * DOUBLE
          xx_literal_expr ::= * NULL
          xx_literal_expr ::= * FALSE
          xx_literal_expr ::= * TRUE

                       INTEGER shift  50
                        STRING shift  51
                        DOUBLE shift  52
                          NULL shift  53
                         FALSE shift  54
                          TRUE shift  55
               xx_literal_expr shift  99

State 99:
          xx_class_property_definition ::= PROTECTED IDENTIFIER ASSIGN xx_literal_expr * DOTCOMMA

                      DOTCOMMA shift  100

State 100:
     (18) xx_class_property_definition ::= PROTECTED IDENTIFIER ASSIGN xx_literal_expr DOTCOMMA *

                     {default} reduce 18

State 101:
     (20) xx_class_methods_definition ::= xx_class_method_definition *

                     {default} reduce 20

State 102:
     (12) xx_class_definition ::= xx_class_methods_definition *
          xx_class_methods_definition ::= xx_class_methods_definition * xx_class_method_definition
          xx_class_method_definition ::= * PUBLIC FUNCTION IDENTIFIER PARENTHESES_OPEN PARENTHESES_CLOSE BRACKET_OPEN BRACKET_CLOSE
          xx_class_method_definition ::= * PUBLIC FUNCTION IDENTIFIER PARENTHESES_OPEN PARENTHESES_CLOSE BRACKET_OPEN xx_statement_list BRACKET_CLOSE
          xx_class_method_definition ::= * PROTECTED FUNCTION IDENTIFIER PARENTHESES_OPEN PARENTHESES_CLOSE BRACKET_OPEN BRACKET_CLOSE
          xx_class_method_definition ::= * PROTECTED FUNCTION IDENTIFIER PARENTHESES_OPEN PARENTHESES_CLOSE BRACKET_OPEN xx_statement_list BRACKET_CLOSE

                 BRACKET_CLOSE reduce 12
                        PUBLIC shift  19
                     PROTECTED shift  79
    xx_class_method_definition shift  18

State 103:
     (14) xx_class_properties_definition ::= xx_class_property_definition *

                     {default} reduce 14

State 104:
      (3) xx_top_statement_list ::= xx_top_statement *

                     {default} reduce 3

